1651947647963	geckodriver	INFO	Listening on 127.0.0.1:60169
1651947648470	mozrunner::runner	INFO	Running command: "/Applications/Firefox.app/Contents/MacOS/firefox-bin" "--marionette" "--remote-debugging-port" "60170" "--remote-allow-hosts" "localhost" "-foreground" "-no-remote" "-profile" "/var/folders/sb/71q6kqj92rd216rw7g422gjc0000gn/T/rust_mozprofileexBSGG"
2022-05-07 21:20:48.720 plugin-container[6930:10483672] nil host used in call to allowsSpecificHTTPSCertificateForHost
2022-05-07 21:20:48.720 plugin-container[6930:10483672] nil host used in call to allowsAnyHTTPSCertificateForHost:
2022-05-07 21:20:48.722 plugin-container[6930:10483672] nil host used in call to allowsSpecificHTTPSCertificateForHost
2022-05-07 21:20:48.722 plugin-container[6930:10483672] nil host used in call to allowsAnyHTTPSCertificateForHost:
2022-05-07 21:20:48.723 plugin-container[6930:10483677] nil host used in call to allowsSpecificHTTPSCertificateForHost
2022-05-07 21:20:48.723 plugin-container[6930:10483677] nil host used in call to allowsAnyHTTPSCertificateForHost:
1651947648723	Marionette	INFO	Marionette enabled
UNSUPPORTED (log once): POSSIBLE ISSUE: unit 1 GLD_TEXTURE_INDEX_2D is unloadable and bound to sampler type (Float) - using zero texture because texture unloadable
console.warn: SearchSettings: "get: No settings file exists, new profile?" (new NotFoundError("Could not open the file at /var/folders/sb/71q6kqj92rd216rw7g422gjc0000gn/T/rust_mozprofileexBSGG/search.json.mozlz4", (void 0)))
console.error: BackgroundUpdate: 
  _reasonsToNotScheduleUpdates: Failed to check for Maintenance Service Registry Key: [Exception... "Component returned failure code: 0x80004001 (NS_ERROR_NOT_IMPLEMENTED) [nsIUpdateProcessor.getServiceRegKeyExists]"  nsresult: "0x80004001 (NS_ERROR_NOT_IMPLEMENTED)"  location: "JS frame :: resource://gre/modules/BackgroundUpdate.jsm :: _reasonsToNotScheduleUpdates :: line 241"  data: no]
DevTools listening on ws://localhost:60170/devtools/browser/9efa895e-6392-40cc-84ff-7ab1131c8a86
1651947649526	Marionette	INFO	Listening on port 60189
Read port: 60189
1651947649616	RemoteAgent	WARN	TLS certificate errors will be ignored for this session
JavaScript error: http://localhost:3000/static/js/bundle.js, line 299: TypeError: userAgentData is undefined
console.warn: LoginRecipes: "getRecipes: falling back to a synchronous message for:" "http://localhost:3000"
1651947675571	Marionette	INFO	Stopped listening on port 60189

###!!! [Parent][PImageBridgeParent] Error: RunMessage(msgname=PImageBridge::Msg_WillClose) Channel closing: too late to send/recv, messages will be lost

